<?xml version="1.0" encoding="UTF-8"?>
<!-- Generated by org.testng.reporters.JUnitXMLReporter -->
<testsuite ignored="0" hostname="LAPTOP-ML7ORHO5" failures="0" tests="8" name="DataDrivenTest" time="1.609" errors="0" timestamp="2024-03-14T00:59:33 IST">
  <testcase classname="testBase.BaseTestClass" name="@BeforeClass setup" time="0.015">
    <failure type="java.util.MissingResourceException" message="Can&amp;apos;t find bundle for base name config, locale en_IN">
      <![CDATA[java.util.MissingResourceException: Can't find bundle for base name config, locale en_IN
at java.base/java.util.ResourceBundle.throwMissingResourceException(ResourceBundle.java:2045)
at java.base/java.util.ResourceBundle.getBundleImpl(ResourceBundle.java:1683)
at java.base/java.util.ResourceBundle.getBundleImpl(ResourceBundle.java:1586)
at java.base/java.util.ResourceBundle.getBundleImpl(ResourceBundle.java:1549)
at java.base/java.util.ResourceBundle.getBundle(ResourceBundle.java:858)
at testBase.BaseTestClass.setup(BaseTestClass.java:37)
at java.base/java.util.ArrayList.forEach(ArrayList.java:1511)
... Removed 25 stack frames]]>
    </failure>
  </testcase> <!-- @BeforeClass setup -->
  <testcase classname="testBase.BaseTestClass" name="@AfterClass tearDown" time="0.0">
    <skipped/>
  </testcase> <!-- @AfterClass tearDown -->
  <testcase classname="testCases.TC_004a_DataDrivenLogin2" name="test_dataDrivenLogin" time="0.0">
    <skipped/>
  </testcase> <!-- test_dataDrivenLogin -->
  <testcase classname="testCases.TC_004a_DataDrivenLogin2" name="test_dataDrivenLogin" time="0.0">
    <skipped/>
  </testcase> <!-- test_dataDrivenLogin -->
  <testcase classname="testCases.TC_004a_DataDrivenLogin2" name="test_dataDrivenLogin" time="0.0">
    <skipped/>
  </testcase> <!-- test_dataDrivenLogin -->
  <testcase classname="testCases.TC_004a_DataDrivenLogin2" name="test_dataDrivenLogin" time="0.0">
    <skipped/>
  </testcase> <!-- test_dataDrivenLogin -->
  <testcase classname="testCases.TC_004a_DataDrivenLogin2" name="test_dataDrivenLogin" time="0.0">
    <skipped/>
  </testcase> <!-- test_dataDrivenLogin -->
  <testcase classname="testCases.TC_004a_DataDrivenLogin2" name="test_dataDrivenLogin" time="0.0">
    <skipped/>
  </testcase> <!-- test_dataDrivenLogin -->
  <testcase classname="testCases.TC_004a_DataDrivenLogin2" name="test_dataDrivenLogin" time="0.0">
    <skipped/>
  </testcase> <!-- test_dataDrivenLogin -->
  <testcase classname="testCases.TC_004a_DataDrivenLogin2" name="test_dataDrivenLogin" time="0.0">
    <skipped/>
  </testcase> <!-- test_dataDrivenLogin -->
</testsuite> <!-- DataDrivenTest -->
